<?xml version="1.0" encoding="utf-8"?><testsuites><testsuite name="pytest" errors="0" failures="0" skipped="0" tests="348" time="7.416" timestamp="2025-02-24T20:50:51.266672+00:00" hostname="fv-az1373-1"><testcase classname="ra_aid.tests.test_env" name="test_validate_environment_research_only[research_only_no_model]" time="0.001" /><testcase classname="ra_aid.tests.test_env" name="test_validate_environment_research_only[research_only_with_model]" time="0.001" /><testcase classname="tests.ra_aid.console.test_cowboy_messages" name="test_get_cowboy_message_returns_string" time="0.000" /><testcase classname="tests.ra_aid.console.test_cowboy_messages" name="test_cowboy_message_contains_emoji" time="0.000" /><testcase classname="tests.ra_aid.console.test_cowboy_messages" name="test_message_from_predefined_list" time="0.000" /><testcase classname="tests.ra_aid.proc.test_interactive" name="test_basic_command" time="0.013" /><testcase classname="tests.ra_aid.proc.test_interactive" name="test_shell_pipeline" time="0.013" /><testcase classname="tests.ra_aid.proc.test_interactive" name="test_stderr_capture" time="0.013" /><testcase classname="tests.ra_aid.proc.test_interactive" name="test_command_not_found" time="0.001" /><testcase classname="tests.ra_aid.proc.test_interactive" name="test_empty_command" time="0.000" /><testcase classname="tests.ra_aid.proc.test_interactive" name="test_interactive_command" time="0.011" /><testcase classname="tests.ra_aid.proc.test_interactive" name="test_large_output" time="0.284" /><testcase classname="tests.ra_aid.proc.test_interactive" name="test_byte_limit" time="0.087" /><testcase classname="tests.ra_aid.proc.test_interactive" name="test_unicode_handling" time="0.012" /><testcase classname="tests.ra_aid.proc.test_interactive" name="test_multiple_commands" time="0.011" /><testcase classname="tests.ra_aid.proc.test_interactive" name="test_cat_medium_file" time="0.083" /><testcase classname="tests.ra_aid.proc.test_interactive" name="test_realtime_output" time="0.215" /><testcase classname="tests.ra_aid.proc.test_interactive" name="test_tty_available" time="0.014" /><testcase classname="tests.ra_aid.test_agent_utils" name="test_get_model_token_limit_anthropic" time="0.002" /><testcase classname="tests.ra_aid.test_agent_utils" name="test_get_model_token_limit_openai" time="0.001" /><testcase classname="tests.ra_aid.test_agent_utils" name="test_get_model_token_limit_unknown" time="0.002" /><testcase classname="tests.ra_aid.test_agent_utils" name="test_get_model_token_limit_missing_config" time="0.001" /><testcase classname="tests.ra_aid.test_agent_utils" name="test_get_model_token_limit_litellm_success" time="0.001" /><testcase classname="tests.ra_aid.test_agent_utils" name="test_get_model_token_limit_litellm_not_found" time="0.001" /><testcase classname="tests.ra_aid.test_agent_utils" name="test_get_model_token_limit_litellm_error" time="0.001" /><testcase classname="tests.ra_aid.test_agent_utils" name="test_get_model_token_limit_unexpected_error" time="0.001" /><testcase classname="tests.ra_aid.test_agent_utils" name="test_create_agent_anthropic" time="0.002" /><testcase classname="tests.ra_aid.test_agent_utils" name="test_create_agent_openai" time="0.001" /><testcase classname="tests.ra_aid.test_agent_utils" name="test_create_agent_no_token_limit" time="0.002" /><testcase classname="tests.ra_aid.test_agent_utils" name="test_create_agent_missing_config" time="0.001" /><testcase classname="tests.ra_aid.test_agent_utils" name="test_state_modifier" time="0.007" /><testcase classname="tests.ra_aid.test_agent_utils" name="test_create_agent_with_checkpointer" time="0.001" /><testcase classname="tests.ra_aid.test_agent_utils" name="test_create_agent_anthropic_token_limiting_enabled" time="0.002" /><testcase classname="tests.ra_aid.test_agent_utils" name="test_create_agent_anthropic_token_limiting_disabled" time="0.001" /><testcase classname="tests.ra_aid.test_agent_utils" name="test_get_model_token_limit_research" time="0.001" /><testcase classname="tests.ra_aid.test_agent_utils" name="test_get_model_token_limit_planner" time="0.001" /><testcase classname="tests.ra_aid.test_agent_utils" name="test_setup_and_restore_interrupt_handling" time="0.000" /><testcase classname="tests.ra_aid.test_agent_utils" name="test_increment_and_decrement_agent_depth" time="0.000" /><testcase classname="tests.ra_aid.test_agent_utils" name="test_run_agent_stream" time="0.000" /><testcase classname="tests.ra_aid.test_agent_utils" name="test_execute_test_command_wrapper" time="0.000" /><testcase classname="tests.ra_aid.test_agent_utils" name="test_handle_api_error_valueerror" time="0.000" /><testcase classname="tests.ra_aid.test_agent_utils" name="test_handle_api_error_max_retries" time="0.001" /><testcase classname="tests.ra_aid.test_agent_utils" name="test_handle_api_error_retry" time="0.002" /><testcase classname="tests.ra_aid.test_agent_utils" name="test_is_anthropic_claude" time="0.000" /><testcase classname="tests.ra_aid.test_anthropic_strategy" name="test_anthropic_expert_validation_message" time="0.001" /><testcase classname="tests.ra_aid.test_ciayn_agent" name="test_trim_chat_history_preserves_initial_messages" time="0.001" /><testcase classname="tests.ra_aid.test_ciayn_agent" name="test_trim_chat_history_under_limit" time="0.001" /><testcase classname="tests.ra_aid.test_ciayn_agent" name="test_trim_chat_history_over_limit" time="0.001" /><testcase classname="tests.ra_aid.test_ciayn_agent" name="test_trim_chat_history_empty_initial" time="0.001" /><testcase classname="tests.ra_aid.test_ciayn_agent" name="test_trim_chat_history_empty_chat" time="0.001" /><testcase classname="tests.ra_aid.test_ciayn_agent" name="test_trim_chat_history_token_limit" time="0.000" /><testcase classname="tests.ra_aid.test_ciayn_agent" name="test_trim_chat_history_no_token_limit" time="0.000" /><testcase classname="tests.ra_aid.test_ciayn_agent" name="test_trim_chat_history_both_limits" time="0.000" /><testcase classname="tests.ra_aid.test_ciayn_agent.TestCiaynAgentFallback" name="test_switch_models_on_fallback" time="0.001" /><testcase classname="tests.ra_aid.test_ciayn_agent.TestFunctionCallValidation" name="test_valid_function_calls[basic_func()]" time="0.000" /><testcase classname="tests.ra_aid.test_ciayn_agent.TestFunctionCallValidation" name="test_valid_function_calls[func_with_arg(&quot;test&quot;)]" time="0.000" /><testcase classname="tests.ra_aid.test_ciayn_agent.TestFunctionCallValidation" name="test_valid_function_calls[complex_func(1, &quot;two&quot;, three)]" time="0.000" /><testcase classname="tests.ra_aid.test_ciayn_agent.TestFunctionCallValidation" name="test_valid_function_calls[nested_parens(func(&quot;test&quot;))]" time="0.000" /><testcase classname="tests.ra_aid.test_ciayn_agent.TestFunctionCallValidation" name="test_valid_function_calls[under_score()]" time="0.000" /><testcase classname="tests.ra_aid.test_ciayn_agent.TestFunctionCallValidation" name="test_valid_function_calls[with-dash()]" time="0.000" /><testcase classname="tests.ra_aid.test_ciayn_agent.TestFunctionCallValidation" name="test_invalid_function_calls[]" time="0.000" /><testcase classname="tests.ra_aid.test_ciayn_agent.TestFunctionCallValidation" name="test_invalid_function_calls[Invalid!function()]" time="0.000" /><testcase classname="tests.ra_aid.test_ciayn_agent.TestFunctionCallValidation" name="test_invalid_function_calls[missing_parens]" time="0.000" /><testcase classname="tests.ra_aid.test_ciayn_agent.TestFunctionCallValidation" name="test_invalid_function_calls[unmatched(parens))]" time="0.000" /><testcase classname="tests.ra_aid.test_ciayn_agent.TestFunctionCallValidation" name="test_invalid_function_calls[multiple()calls()]" time="0.000" /><testcase classname="tests.ra_aid.test_ciayn_agent.TestFunctionCallValidation" name="test_invalid_function_calls[no spaces()()]" time="0.000" /><testcase classname="tests.ra_aid.test_ciayn_agent.TestFunctionCallValidation" name="test_whitespace_handling[  leading_space()]" time="0.000" /><testcase classname="tests.ra_aid.test_ciayn_agent.TestFunctionCallValidation" name="test_whitespace_handling[trailing_space()  ]" time="0.000" /><testcase classname="tests.ra_aid.test_ciayn_agent.TestFunctionCallValidation" name="test_whitespace_handling[func   (arg)]" time="0.000" /><testcase classname="tests.ra_aid.test_ciayn_agent.TestFunctionCallValidation" name="test_whitespace_handling[func(  spaced args  )]" time="0.000" /><testcase classname="tests.ra_aid.test_ciayn_agent.TestFunctionCallValidation" name="test_multiline_responses[multiline(\n            arg\n        )]" time="0.000" /><testcase classname="tests.ra_aid.test_ciayn_agent.TestFunctionCallValidation" name="test_multiline_responses[func(\n  arg1,\n  arg2\n)]" time="0.000" /><testcase classname="tests.ra_aid.test_default_provider" name="test_default_anthropic_provider" time="0.001" /><testcase classname="tests.ra_aid.test_default_provider" name="test_respects_user_specified_anthropic_model" time="0.001" /><testcase classname="tests.ra_aid.test_default_provider" name="test_research_only_provider_validation[research_only_no_provider]" time="0.001" /><testcase classname="tests.ra_aid.test_default_provider" name="test_research_only_provider_validation[research_only_anthropic]" time="0.001" /><testcase classname="tests.ra_aid.test_default_provider" name="test_research_only_provider_validation[research_only_non_anthropic_no_model]" time="0.001" /><testcase classname="tests.ra_aid.test_default_provider" name="test_research_only_provider_validation[research_only_non_anthropic_with_model]" time="0.001" /><testcase classname="tests.ra_aid.test_env" name="test_anthropic_validation" time="0.001" /><testcase classname="tests.ra_aid.test_env" name="test_openai_validation" time="0.279" /><testcase classname="tests.ra_aid.test_env" name="test_openai_compatible_validation" time="0.001" /><testcase classname="tests.ra_aid.test_env" name="test_expert_fallback" time="0.485" /><testcase classname="tests.ra_aid.test_env" name="test_cross_provider_fallback" time="0.001" /><testcase classname="tests.ra_aid.test_env" name="test_no_warning_on_fallback" time="0.454" /><testcase classname="tests.ra_aid.test_env" name="test_different_providers_no_expert_key" time="0.089" /><testcase classname="tests.ra_aid.test_env" name="test_mixed_provider_openai_compatible" time="0.001" /><testcase classname="tests.ra_aid.test_fallback_handler.TestFallbackHandler" name="test_attempt_fallback_resets_counter" time="0.003" /><testcase classname="tests.ra_aid.test_fallback_handler.TestFallbackHandler" name="test_base_message_to_tool_call_dict" time="0.000" /><testcase classname="tests.ra_aid.test_fallback_handler.TestFallbackHandler" name="test_bind_tool_model" time="0.000" /><testcase classname="tests.ra_aid.test_fallback_handler.TestFallbackHandler" name="test_construct_prompt_msg_list" time="0.001" /><testcase classname="tests.ra_aid.test_fallback_handler.TestFallbackHandler" name="test_extract_failed_tool_name" time="0.001" /><testcase classname="tests.ra_aid.test_fallback_handler.TestFallbackHandler" name="test_find_tool_to_bind" time="0.000" /><testcase classname="tests.ra_aid.test_fallback_handler.TestFallbackHandler" name="test_get_tool_calls" time="0.000" /><testcase classname="tests.ra_aid.test_fallback_handler.TestFallbackHandler" name="test_handle_failure_increments_counter" time="0.000" /><testcase classname="tests.ra_aid.test_fallback_handler.TestFallbackHandler" name="test_handle_failure_response" time="0.000" /><testcase classname="tests.ra_aid.test_fallback_handler.TestFallbackHandler" name="test_init_msg_list_non_overlapping" time="0.000" /><testcase classname="tests.ra_aid.test_fallback_handler.TestFallbackHandler" name="test_init_msg_list_with_overlap" time="0.000" /><testcase classname="tests.ra_aid.test_fallback_handler.TestFallbackHandler" name="test_invoke_fallback" time="0.005" /><testcase classname="tests.ra_aid.test_fallback_handler.TestFallbackHandler" name="test_invoke_prompt_tool_call" time="0.000" /><testcase classname="tests.ra_aid.test_fallback_handler.TestFallbackHandler" name="test_load_fallback_tool_models" time="0.000" /><testcase classname="tests.ra_aid.test_fallback_handler.TestFallbackHandler" name="test_parse_tool_arguments" time="0.000" /><testcase classname="tests.ra_aid.test_llm" name="test_initialize_expert_defaults" time="0.002" /><testcase classname="tests.ra_aid.test_llm" name="test_initialize_expert_openai_custom" time="0.001" /><testcase classname="tests.ra_aid.test_llm" name="test_initialize_expert_gemini" time="0.002" /><testcase classname="tests.ra_aid.test_llm" name="test_initialize_expert_anthropic" time="0.001" /><testcase classname="tests.ra_aid.test_llm" name="test_initialize_expert_openrouter" time="0.001" /><testcase classname="tests.ra_aid.test_llm" name="test_initialize_expert_openai_compatible" time="0.001" /><testcase classname="tests.ra_aid.test_llm" name="test_initialize_expert_unsupported_provider" time="0.001" /><testcase classname="tests.ra_aid.test_llm" name="test_estimate_tokens" time="0.000" /><testcase classname="tests.ra_aid.test_llm" name="test_initialize_openai" time="0.001" /><testcase classname="tests.ra_aid.test_llm" name="test_initialize_gemini" time="0.001" /><testcase classname="tests.ra_aid.test_llm" name="test_initialize_anthropic" time="0.001" /><testcase classname="tests.ra_aid.test_llm" name="test_initialize_openrouter" time="0.001" /><testcase classname="tests.ra_aid.test_llm" name="test_initialize_openai_compatible" time="0.001" /><testcase classname="tests.ra_aid.test_llm" name="test_initialize_unsupported_provider" time="0.001" /><testcase classname="tests.ra_aid.test_llm" name="test_temperature_defaults" time="0.005" /><testcase classname="tests.ra_aid.test_llm" name="test_explicit_temperature" time="0.003" /><testcase classname="tests.ra_aid.test_llm" name="test_get_available_openai_models_success" time="0.001" /><testcase classname="tests.ra_aid.test_llm" name="test_get_available_openai_models_failure" time="0.001" /><testcase classname="tests.ra_aid.test_llm" name="test_select_expert_model_explicit" time="0.000" /><testcase classname="tests.ra_aid.test_llm" name="test_select_expert_model_non_openai" time="0.000" /><testcase classname="tests.ra_aid.test_llm" name="test_select_expert_model_priority" time="0.000" /><testcase classname="tests.ra_aid.test_llm" name="test_select_expert_model_no_match" time="0.008" /><testcase classname="tests.ra_aid.test_llm" name="test_temperature_validation" time="0.004" /><testcase classname="tests.ra_aid.test_llm" name="test_provider_name_validation" time="0.016" /><testcase classname="tests.ra_aid.test_llm" name="test_initialize_llm_cross_provider" time="0.003" /><testcase classname="tests.ra_aid.test_llm" name="test_environment_variable_precedence" time="0.001" /><testcase classname="tests.ra_aid.test_llm" name="test_reasoning_effort_only_passed_to_supported_models" time="0.001" /><testcase classname="tests.ra_aid.test_llm" name="test_reasoning_effort_passed_to_supported_models" time="0.001" /><testcase classname="tests.ra_aid.test_llm" name="test_initialize_deepseek" time="0.002" /><testcase classname="tests.ra_aid.test_llm" name="test_initialize_openrouter_deepseek" time="0.001" /><testcase classname="tests.ra_aid.test_main" name="test_recursion_limit_in_global_config" time="0.004" /><testcase classname="tests.ra_aid.test_main" name="test_negative_recursion_limit" time="0.001" /><testcase classname="tests.ra_aid.test_main" name="test_zero_recursion_limit" time="0.001" /><testcase classname="tests.ra_aid.test_main" name="test_config_settings" time="0.002" /><testcase classname="tests.ra_aid.test_main" name="test_temperature_validation" time="0.003" /><testcase classname="tests.ra_aid.test_main" name="test_missing_message" time="0.002" /><testcase classname="tests.ra_aid.test_main" name="test_research_model_provider_args" time="0.002" /><testcase classname="tests.ra_aid.test_main" name="test_planner_model_provider_args" time="0.002" /><testcase classname="tests.ra_aid.test_programmer" name="test_parse_aider_flags[yes-always,dark-mode-expected0-basic comma separated flags without dashes]" time="0.001" /><testcase classname="tests.ra_aid.test_programmer" name="test_parse_aider_flags[--yes-always,--dark-mode-expected1-comma separated flags with dashes]" time="0.000" /><testcase classname="tests.ra_aid.test_programmer" name="test_parse_aider_flags[yes-always, dark-mode-expected2-comma separated flags with space]" time="0.000" /><testcase classname="tests.ra_aid.test_programmer" name="test_parse_aider_flags[--yes-always, --dark-mode-expected3-comma separated flags with dashes and space]" time="0.000" /><testcase classname="tests.ra_aid.test_programmer" name="test_parse_aider_flags[-expected4-empty string]" time="0.000" /><testcase classname="tests.ra_aid.test_programmer" name="test_parse_aider_flags[  yes-always  ,  dark-mode  -expected5-flags with extra whitespace]" time="0.000" /><testcase classname="tests.ra_aid.test_programmer" name="test_parse_aider_flags[--yes-always-expected6-single flag with dashes]" time="0.000" /><testcase classname="tests.ra_aid.test_programmer" name="test_parse_aider_flags[yes-always-expected7-single flag without dashes]" time="0.000" /><testcase classname="tests.ra_aid.test_programmer" name="test_parse_aider_flags[--analytics-log filename.json-expected8-flag with value]" time="0.000" /><testcase classname="tests.ra_aid.test_programmer" name="test_parse_aider_flags[--analytics-log filename.json, --model gpt4-expected9-multiple flags with values]" time="0.000" /><testcase classname="tests.ra_aid.test_programmer" name="test_parse_aider_flags[--dark-mode, --analytics-log filename.json-expected10-mix of simple flags and flags with values]" time="0.000" /><testcase classname="tests.ra_aid.test_programmer" name="test_parse_aider_flags[  --dark-mode  ,  --model  gpt4  -expected11-flags with values and extra whitespace]" time="0.000" /><testcase classname="tests.ra_aid.test_programmer" name="test_parse_aider_flags[--analytics-log    filename.json-expected12-multiple spaces between flag and value]" time="0.000" /><testcase classname="tests.ra_aid.test_programmer" name="test_parse_aider_flags[---dark-mode,----model gpt4-expected13-stripping extra dashes]" time="0.000" /><testcase classname="tests.ra_aid.test_programmer" name="test_aider_config_flag" time="0.003" /><testcase classname="tests.ra_aid.test_programmer" name="test_path_normalization_and_deduplication" time="0.006" /><testcase classname="tests.ra_aid.test_programmer" name="test_get_aider_executable" time="0.003" /><testcase classname="tests.ra_aid.test_provider_integration" name="test_provider_validation_respects_cli_args" time="0.001" /><testcase classname="tests.ra_aid.test_provider_integration" name="test_expert_provider_fallback" time="0.256" /><testcase classname="tests.ra_aid.test_provider_integration" name="test_openai_compatible_base_url" time="0.001" /><testcase classname="tests.ra_aid.test_provider_integration" name="test_expert_provider_separate_keys" time="0.204" /><testcase classname="tests.ra_aid.test_provider_integration" name="test_web_research_independent" time="0.000" /><testcase classname="tests.ra_aid.test_provider_integration" name="test_provider_factory_unknown_provider" time="0.000" /><testcase classname="tests.ra_aid.test_provider_integration" name="test_provider_strategy_validation" time="0.000" /><testcase classname="tests.ra_aid.test_provider_integration" name="test_missing_provider_arg" time="0.000" /><testcase classname="tests.ra_aid.test_provider_integration" name="test_empty_provider_arg" time="0.000" /><testcase classname="tests.ra_aid.test_provider_integration" name="test_incomplete_openai_compatible_config" time="0.000" /><testcase classname="tests.ra_aid.test_provider_integration" name="test_incomplete_gemini_config" time="0.000" /><testcase classname="tests.ra_aid.test_provider_integration" name="test_incomplete_expert_config" time="0.001" /><testcase classname="tests.ra_aid.test_provider_integration" name="test_empty_environment_variables" time="0.001" /><testcase classname="tests.ra_aid.test_provider_integration" name="test_openrouter_validation" time="0.000" /><testcase classname="tests.ra_aid.test_provider_integration" name="test_multiple_expert_providers" time="0.000" /><testcase classname="tests.ra_aid.test_tool_configs" name="test_get_read_only_tools" time="0.000" /><testcase classname="tests.ra_aid.test_tool_configs" name="test_get_research_tools" time="0.000" /><testcase classname="tests.ra_aid.test_tool_configs" name="test_get_planning_tools" time="0.000" /><testcase classname="tests.ra_aid.test_tool_configs" name="test_get_implementation_tools" time="0.000" /><testcase classname="tests.ra_aid.test_tool_configs" name="test_get_web_research_tools" time="0.000" /><testcase classname="tests.ra_aid.test_utils" name="test_normal_truncation" time="0.000" /><testcase classname="tests.ra_aid.test_utils" name="test_no_truncation_needed" time="0.000" /><testcase classname="tests.ra_aid.test_utils" name="test_empty_input" time="0.000" /><testcase classname="tests.ra_aid.test_utils" name="test_exact_max_lines" time="0.000" /><testcase classname="tests.ra_aid.test_utils" name="test_different_line_endings" time="0.000" /><testcase classname="tests.ra_aid.test_utils" name="test_ansi_sequences" time="0.000" /><testcase classname="tests.ra_aid.test_utils" name="test_custom_max_lines" time="0.000" /><testcase classname="tests.ra_aid.test_utils" name="test_no_trailing_newline" time="0.000" /><testcase classname="tests.ra_aid.tools.test_execution" name="test_execute_test_command[no_test_command]" time="0.001" /><testcase classname="tests.ra_aid.tools.test_execution" name="test_execute_test_command[user_declines_test]" time="0.001" /><testcase classname="tests.ra_aid.tools.test_execution" name="test_execute_test_command[user_enables_auto_test]" time="0.002" /><testcase classname="tests.ra_aid.tools.test_execution" name="test_execute_test_command[auto_test_success]" time="0.001" /><testcase classname="tests.ra_aid.tools.test_execution" name="test_execute_test_command[auto_test_failure_retry]" time="0.002" /><testcase classname="tests.ra_aid.tools.test_execution" name="test_execute_test_command[max_retries_reached]" time="0.002" /><testcase classname="tests.ra_aid.tools.test_execution" name="test_execute_test_command[manual_test_success]" time="0.002" /><testcase classname="tests.ra_aid.tools.test_execution" name="test_execute_test_command[manual_test_failure]" time="0.002" /><testcase classname="tests.ra_aid.tools.test_execution" name="test_execute_test_command[manual_test_error]" time="0.006" /><testcase classname="tests.ra_aid.tools.test_execution" name="test_execute_test_command[auto_test_error]" time="0.002" /><testcase classname="tests.ra_aid.tools.test_execution" name="test_execute_test_command_error_handling" time="0.001" /><testcase classname="tests.ra_aid.tools.test_expert" name="test_read_files_with_limit_basic" time="0.001" /><testcase classname="tests.ra_aid.tools.test_expert" name="test_read_files_with_limit_empty_file" time="0.001" /><testcase classname="tests.ra_aid.tools.test_expert" name="test_read_files_with_limit_nonexistent_file" time="0.003" /><testcase classname="tests.ra_aid.tools.test_expert" name="test_read_files_with_limit_line_limit" time="0.001" /><testcase classname="tests.ra_aid.tools.test_expert" name="test_read_files_with_limit_permission_error" time="0.001" /><testcase classname="tests.ra_aid.tools.test_expert" name="test_read_files_with_limit_io_error" time="0.001" /><testcase classname="tests.ra_aid.tools.test_expert" name="test_read_files_with_limit_encoding_error" time="0.002" /><testcase classname="tests.ra_aid.tools.test_expert" name="test_expert_context_management" time="0.002" /><testcase classname="tests.ra_aid.tools.test_file_str_replace" name="test_basic_replacement" time="0.002" /><testcase classname="tests.ra_aid.tools.test_file_str_replace" name="test_file_not_found" time="0.002" /><testcase classname="tests.ra_aid.tools.test_file_str_replace" name="test_string_not_found" time="0.002" /><testcase classname="tests.ra_aid.tools.test_file_str_replace" name="test_multiple_occurrences" time="0.002" /><testcase classname="tests.ra_aid.tools.test_file_str_replace" name="test_empty_strings" time="0.003" /><testcase classname="tests.ra_aid.tools.test_file_str_replace" name="test_special_characters" time="0.002" /><testcase classname="tests.ra_aid.tools.test_file_str_replace" name="test_io_error" time="0.002" /><testcase classname="tests.ra_aid.tools.test_file_str_replace" name="test_permission_error" time="0.002" /><testcase classname="tests.ra_aid.tools.test_file_str_replace" name="test_unicode_strings" time="0.002" /><testcase classname="tests.ra_aid.tools.test_file_str_replace" name="test_long_string_truncation" time="0.002" /><testcase classname="tests.ra_aid.tools.test_fuzzy_find" name="test_basic_fuzzy_search" time="0.021" /><testcase classname="tests.ra_aid.tools.test_fuzzy_find" name="test_threshold_filtering" time="0.025" /><testcase classname="tests.ra_aid.tools.test_fuzzy_find" name="test_max_results_limit" time="0.018" /><testcase classname="tests.ra_aid.tools.test_fuzzy_find" name="test_include_paths_filter" time="0.018" /><testcase classname="tests.ra_aid.tools.test_fuzzy_find" name="test_exclude_patterns_filter" time="0.019" /><testcase classname="tests.ra_aid.tools.test_fuzzy_find" name="test_invalid_threshold" time="0.001" /><testcase classname="tests.ra_aid.tools.test_fuzzy_find" name="test_non_git_repo" time="0.001" /><testcase classname="tests.ra_aid.tools.test_fuzzy_find" name="test_exact_match" time="0.019" /><testcase classname="tests.ra_aid.tools.test_fuzzy_find" name="test_empty_search_term" time="0.012" /><testcase classname="tests.ra_aid.tools.test_fuzzy_find" name="test_untracked_files" time="0.019" /><testcase classname="tests.ra_aid.tools.test_fuzzy_find" name="test_no_matches" time="0.018" /><testcase classname="tests.ra_aid.tools.test_handle_user_defined_test_cmd_execution" name="test_check_max_retries" time="0.001" /><testcase classname="tests.ra_aid.tools.test_handle_user_defined_test_cmd_execution" name="test_handle_test_failure" time="0.001" /><testcase classname="tests.ra_aid.tools.test_handle_user_defined_test_cmd_execution" name="test_run_test_command_success" time="0.001" /><testcase classname="tests.ra_aid.tools.test_handle_user_defined_test_cmd_execution" name="test_run_test_command_failure" time="0.001" /><testcase classname="tests.ra_aid.tools.test_handle_user_defined_test_cmd_execution" name="test_run_test_command_error" time="0.001" /><testcase classname="tests.ra_aid.tools.test_handle_user_defined_test_cmd_execution" name="test_run_test_command_timeout" time="0.002" /><testcase classname="tests.ra_aid.tools.test_handle_user_defined_test_cmd_execution" name="test_run_test_command_called_process_error" time="0.002" /><testcase classname="tests.ra_aid.tools.test_handle_user_defined_test_cmd_execution" name="test_handle_user_response_no" time="0.000" /><testcase classname="tests.ra_aid.tools.test_handle_user_defined_test_cmd_execution" name="test_handle_user_response_auto" time="0.001" /><testcase classname="tests.ra_aid.tools.test_handle_user_defined_test_cmd_execution" name="test_handle_user_response_yes" time="0.001" /><testcase classname="tests.ra_aid.tools.test_handle_user_defined_test_cmd_execution" name="test_execute_no_cmd" time="0.000" /><testcase classname="tests.ra_aid.tools.test_handle_user_defined_test_cmd_execution" name="test_execute_manual" time="0.001" /><testcase classname="tests.ra_aid.tools.test_handle_user_defined_test_cmd_execution" name="test_execute_auto" time="0.001" /><testcase classname="tests.ra_aid.tools.test_handle_user_defined_test_cmd_execution" name="test_execute_test_command_function" time="0.001" /><testcase classname="tests.ra_aid.tools.test_list_directory" name="test_list_directory_basic" time="0.009" /><testcase classname="tests.ra_aid.tools.test_list_directory" name="test_list_directory_with_details" time="0.005" /><testcase classname="tests.ra_aid.tools.test_list_directory" name="test_list_directory_depth_limit" time="0.004" /><testcase classname="tests.ra_aid.tools.test_list_directory" name="test_list_directory_ignore_patterns" time="0.005" /><testcase classname="tests.ra_aid.tools.test_list_directory" name="test_gitignore_patterns" time="0.001" /><testcase classname="tests.ra_aid.tools.test_list_directory" name="test_invalid_path" time="0.001" /><testcase classname="tests.ra_aid.tools.test_memory" name="test_emit_key_facts_single_fact" time="0.002" /><testcase classname="tests.ra_aid.tools.test_memory" name="test_delete_key_facts_single_fact" time="0.003" /><testcase classname="tests.ra_aid.tools.test_memory" name="test_delete_key_facts_invalid" time="0.003" /><testcase classname="tests.ra_aid.tools.test_memory" name="test_get_memory_value_key_facts" time="0.002" /><testcase classname="tests.ra_aid.tools.test_memory" name="test_get_memory_value_other_types" time="0.000" /><testcase classname="tests.ra_aid.tools.test_memory" name="test_log_work_event" time="0.000" /><testcase classname="tests.ra_aid.tools.test_memory" name="test_get_work_log" time="0.000" /><testcase classname="tests.ra_aid.tools.test_memory" name="test_reset_work_log" time="0.000" /><testcase classname="tests.ra_aid.tools.test_memory" name="test_empty_work_log" time="0.000" /><testcase classname="tests.ra_aid.tools.test_memory" name="test_emit_key_facts" time="0.003" /><testcase classname="tests.ra_aid.tools.test_memory" name="test_delete_key_facts" time="0.004" /><testcase classname="tests.ra_aid.tools.test_memory" name="test_emit_key_snippets" time="0.036" /><testcase classname="tests.ra_aid.tools.test_memory" name="test_delete_key_snippets" time="0.008" /><testcase classname="tests.ra_aid.tools.test_memory" name="test_delete_key_snippets_empty" time="0.003" /><testcase classname="tests.ra_aid.tools.test_memory" name="test_emit_related_files_basic" time="0.004" /><testcase classname="tests.ra_aid.tools.test_memory" name="test_get_related_files_empty" time="0.000" /><testcase classname="tests.ra_aid.tools.test_memory" name="test_emit_related_files_duplicates" time="0.004" /><testcase classname="tests.ra_aid.tools.test_memory" name="test_related_files_id_tracking" time="0.003" /><testcase classname="tests.ra_aid.tools.test_memory" name="test_deregister_related_files" time="0.006" /><testcase classname="tests.ra_aid.tools.test_memory" name="test_related_files_duplicates" time="0.002" /><testcase classname="tests.ra_aid.tools.test_memory" name="test_emit_related_files_with_directory" time="0.002" /><testcase classname="tests.ra_aid.tools.test_memory" name="test_related_files_formatting" time="0.002" /><testcase classname="tests.ra_aid.tools.test_memory" name="test_emit_related_files_path_normalization" time="0.003" /><testcase classname="tests.ra_aid.tools.test_memory" name="test_key_snippets_integration" time="0.017" /><testcase classname="tests.ra_aid.tools.test_memory" name="test_emit_task_with_id" time="0.002" /><testcase classname="tests.ra_aid.tools.test_memory" name="test_delete_tasks" time="0.006" /><testcase classname="tests.ra_aid.tools.test_memory" name="test_swap_task_order_valid_ids" time="0.004" /><testcase classname="tests.ra_aid.tools.test_memory" name="test_swap_task_order_invalid_ids" time="0.002" /><testcase classname="tests.ra_aid.tools.test_memory" name="test_swap_task_order_same_id" time="0.002" /><testcase classname="tests.ra_aid.tools.test_memory" name="test_swap_task_order_empty_tasks" time="0.001" /><testcase classname="tests.ra_aid.tools.test_memory" name="test_swap_task_order_after_delete" time="0.006" /><testcase classname="tests.ra_aid.tools.test_read_file" name="test_basic_file_reading" time="0.002" /><testcase classname="tests.ra_aid.tools.test_read_file" name="test_no_truncation" time="0.002" /><testcase classname="tests.ra_aid.tools.test_read_file" name="test_with_truncation" time="0.002" /><testcase classname="tests.ra_aid.tools.test_read_file" name="test_nonexistent_file" time="0.001" /><testcase classname="tests.ra_aid.tools.test_read_file" name="test_empty_file" time="0.002" /><testcase classname="tests.ra_aid.tools.test_reflection.TestGetFunctionInfo" name="test_simple_function_info" time="0.000" /><testcase classname="tests.ra_aid.tools.test_reflection.TestGetFunctionInfo" name="test_typed_function_info" time="0.000" /><testcase classname="tests.ra_aid.tools.test_reflection.TestGetFunctionInfo" name="test_complex_function_info" time="0.000" /><testcase classname="tests.ra_aid.tools.test_reflection.TestGetFunctionInfo" name="test_no_docstring_function" time="0.000" /><testcase classname="tests.ra_aid.tools.test_shell" name="test_shell_command_cowboy_mode" time="0.002" /><testcase classname="tests.ra_aid.tools.test_shell" name="test_shell_command_cowboy_message" time="0.002" /><testcase classname="tests.ra_aid.tools.test_shell" name="test_shell_command_interactive_approved" time="0.002" /><testcase classname="tests.ra_aid.tools.test_shell" name="test_shell_command_interactive_rejected" time="0.002" /><testcase classname="tests.ra_aid.tools.test_shell" name="test_shell_command_execution_error" time="0.002" /><testcase classname="tests.ra_aid.tools.test_write_file" name="test_basic_write_functionality" time="0.002" /><testcase classname="tests.ra_aid.tools.test_write_file" name="test_directory_creation" time="0.002" /><testcase classname="tests.ra_aid.tools.test_write_file" name="test_different_encodings" time="0.050" /><testcase classname="tests.ra_aid.tools.test_write_file" name="test_permission_error" time="0.002" /><testcase classname="tests.ra_aid.tools.test_write_file" name="test_io_error" time="0.002" /><testcase classname="tests.ra_aid.tools.test_write_file" name="test_empty_content" time="0.002" /><testcase classname="tests.ra_aid.tools.test_write_file" name="test_write_empty_file_default" time="0.002" /><testcase classname="tests.ra_aid.tools.test_write_file" name="test_overwrite_existing_file" time="0.002" /><testcase classname="tests.ra_aid.tools.test_write_file" name="test_large_file_write" time="0.002" /><testcase classname="tests.ra_aid.tools.test_write_file" name="test_invalid_path_characters" time="0.002" /><testcase classname="tests.ra_aid.tools.test_write_file" name="test_write_to_readonly_directory" time="0.002" /><testcase classname="tests.scripts.test_extract_changelog" name="test_basic_version_extraction" time="0.001" /><testcase classname="tests.scripts.test_extract_changelog" name="test_middle_version_extraction" time="0.000" /><testcase classname="tests.scripts.test_extract_changelog" name="test_version_not_found" time="0.000" /><testcase classname="tests.scripts.test_extract_changelog" name="test_empty_changelog" time="0.000" /><testcase classname="tests.scripts.test_extract_changelog" name="test_malformed_changelog" time="0.000" /><testcase classname="tests.scripts.test_extract_changelog" name="test_version_with_special_chars" time="0.000" /><testcase classname="tests.test_file_listing" name="test_is_git_repo" time="0.015" /><testcase classname="tests.test_file_listing" name="test_get_file_listing_no_limit" time="0.016" /><testcase classname="tests.test_file_listing" name="test_get_file_listing_with_limit" time="0.016" /><testcase classname="tests.test_file_listing" name="test_empty_git_repo" time="0.008" /><testcase classname="tests.test_file_listing" name="test_non_git_directory" time="0.002" /><testcase classname="tests.test_file_listing" name="test_nonexistent_directory" time="0.000" /><testcase classname="tests.test_file_listing" name="test_file_as_directory" time="0.001" /><testcase classname="tests.test_file_listing" name="test_permission_error" time="0.001" /><testcase classname="tests.test_file_listing" name="test_get_file_listing[empty_repository]" time="0.001" /><testcase classname="tests.test_file_listing" name="test_get_file_listing[single_file]" time="0.001" /><testcase classname="tests.test_file_listing" name="test_get_file_listing[multiple_files]" time="0.001" /><testcase classname="tests.test_file_listing" name="test_get_file_listing[duplicate_files]" time="0.001" /><testcase classname="tests.test_file_listing" name="test_get_file_listing[with_limit]" time="0.002" /><testcase classname="tests.test_file_listing" name="test_get_file_listing[with_empty_lines]" time="0.001" /><testcase classname="tests.test_file_listing" name="test_get_file_listing[with_whitespace]" time="0.001" /><testcase classname="tests.test_file_listing" name="test_get_file_listing[limit_larger_than_total]" time="0.001" /><testcase classname="tests.test_file_listing" name="test_get_file_listing[limit_zero]" time="0.001" /><testcase classname="tests.test_file_listing" name="test_get_file_listing[nested_paths]" time="0.001" /><testcase classname="tests.test_file_listing" name="test_get_file_listing[special_characters]" time="0.001" /><testcase classname="tests.test_file_listing" name="test_get_file_listing[duplicate_nested_paths]" time="0.001" /><testcase classname="tests.test_file_listing" name="test_get_file_listing_non_git_repo" time="0.001" /><testcase classname="tests.test_file_listing" name="test_get_file_listing_git_error" time="0.001" /><testcase classname="tests.test_file_listing" name="test_get_file_listing_permission_error" time="0.001" /><testcase classname="tests.test_file_listing" name="test_get_file_listing_unexpected_error" time="0.001" /><testcase classname="tests.test_file_listing" name="test_get_file_listing_with_untracked" time="0.016" /><testcase classname="tests.test_file_listing" name="test_get_file_listing_with_untracked_and_limit" time="0.016" /><testcase classname="tests.test_file_listing" name="test_get_file_listing_respects_gitignore" time="0.027" /><testcase classname="tests.test_file_listing" name="test_aider_files_excluded" time="0.024" /><testcase classname="tests.test_file_listing" name="test_hidden_files_excluded_by_default" time="0.037" /><testcase classname="tests.test_project_info" name="test_empty_git_repo" time="0.008" /><testcase classname="tests.test_project_info" name="test_sample_git_repo" time="0.016" /><testcase classname="tests.test_project_info" name="test_file_limit" time="0.018" /><testcase classname="tests.test_project_info" name="test_nonexistent_directory" time="0.000" /><testcase classname="tests.test_project_info" name="test_file_as_directory" time="0.001" /><testcase classname="tests.test_project_info" name="test_permission_error" time="0.001" /><testcase classname="tests.test_project_state" name="test_empty_directory" time="0.001" /><testcase classname="tests.test_project_state" name="test_git_only_directory" time="0.001" /><testcase classname="tests.test_project_state" name="test_git_directory_with_contents" time="0.001" /><testcase classname="tests.test_project_state" name="test_existing_project_directory" time="0.001" /><testcase classname="tests.test_project_state" name="test_nonexistent_directory" time="0.000" /><testcase classname="tests.test_project_state" name="test_file_as_directory" time="0.001" /><testcase classname="tests.test_project_state" name="test_permission_error" time="0.001" /></testsuite></testsuites>